d:\uni\programming\projects\first person shooter\blobsonic\builds\win32\intermediates\blobsonic\debug\blobsonic.pch
d:\uni\programming\projects\first person shooter\blobsonic\builds\win32\intermediates\blobsonic\debug\vc140.pdb
d:\uni\programming\projects\first person shooter\blobsonic\builds\win32\intermediates\blobsonic\debug\vc140.idb
d:\uni\programming\projects\first person shooter\blobsonic\builds\win32\intermediates\blobsonic\debug\spotlight.obj
d:\uni\programming\projects\first person shooter\blobsonic\builds\win32\intermediates\blobsonic\debug\uniqueid.obj
d:\uni\programming\projects\first person shooter\blobsonic\builds\win32\intermediates\blobsonic\debug\transformableold.obj
d:\uni\programming\projects\first person shooter\blobsonic\builds\win32\intermediates\blobsonic\debug\transformable.obj
d:\uni\programming\projects\first person shooter\blobsonic\builds\win32\intermediates\blobsonic\debug\tinyxml2.obj
d:\uni\programming\projects\first person shooter\blobsonic\builds\win32\intermediates\blobsonic\debug\texture.obj
d:\uni\programming\projects\first person shooter\blobsonic\builds\win32\intermediates\blobsonic\debug\textold.obj
d:\uni\programming\projects\first person shooter\blobsonic\builds\win32\intermediates\blobsonic\debug\text.obj
d:\uni\programming\projects\first person shooter\blobsonic\builds\win32\intermediates\blobsonic\debug\testscene.obj
d:\uni\programming\projects\first person shooter\blobsonic\builds\win32\intermediates\blobsonic\debug\stdafx.obj
d:\uni\programming\projects\first person shooter\blobsonic\builds\win32\intermediates\blobsonic\debug\spriterender.obj
d:\uni\programming\projects\first person shooter\blobsonic\builds\win32\intermediates\blobsonic\debug\splashscene.obj
d:\uni\programming\projects\first person shooter\blobsonic\builds\win32\intermediates\blobsonic\debug\sphere.obj
d:\uni\programming\projects\first person shooter\blobsonic\builds\win32\intermediates\blobsonic\debug\sound.obj
d:\uni\programming\projects\first person shooter\blobsonic\builds\win32\intermediates\blobsonic\debug\shadowmap.obj
d:\uni\programming\projects\first person shooter\blobsonic\builds\win32\intermediates\blobsonic\debug\scenemanager.obj
d:\uni\programming\projects\first person shooter\blobsonic\builds\win32\intermediates\blobsonic\debug\sceneloader.obj
d:\uni\programming\projects\first person shooter\blobsonic\builds\win32\intermediates\blobsonic\debug\scenecomponent.obj
d:\uni\programming\projects\first person shooter\blobsonic\builds\win32\intermediates\blobsonic\debug\scene.obj
d:\uni\programming\projects\first person shooter\blobsonic\builds\win32\intermediates\blobsonic\debug\resourcemanager.obj
d:\uni\programming\projects\first person shooter\blobsonic\builds\win32\intermediates\blobsonic\debug\render.obj
d:\uni\programming\projects\first person shooter\blobsonic\builds\win32\intermediates\blobsonic\debug\quatcamera.obj
d:\uni\programming\projects\first person shooter\blobsonic\builds\win32\intermediates\blobsonic\debug\pointlight.obj
d:\uni\programming\projects\first person shooter\blobsonic\builds\win32\intermediates\blobsonic\debug\playerinput.obj
d:\uni\programming\projects\first person shooter\blobsonic\builds\win32\intermediates\blobsonic\debug\playercontroller.obj
d:\uni\programming\projects\first person shooter\blobsonic\builds\win32\intermediates\blobsonic\debug\player.obj
d:\uni\programming\projects\first person shooter\blobsonic\builds\win32\intermediates\blobsonic\debug\pickup.obj
d:\uni\programming\projects\first person shooter\blobsonic\builds\win32\intermediates\blobsonic\debug\physics.obj
d:\uni\programming\projects\first person shooter\blobsonic\builds\win32\intermediates\blobsonic\debug\physical.obj
d:\uni\programming\projects\first person shooter\blobsonic\builds\win32\intermediates\blobsonic\debug\objectcomponent.obj
d:\uni\programming\projects\first person shooter\blobsonic\builds\win32\intermediates\blobsonic\debug\mytimer.obj
d:\uni\programming\projects\first person shooter\blobsonic\builds\win32\intermediates\blobsonic\debug\myrobot.obj
d:\uni\programming\projects\first person shooter\blobsonic\builds\win32\intermediates\blobsonic\debug\movable.obj
d:\uni\programming\projects\first person shooter\blobsonic\builds\win32\intermediates\blobsonic\debug\modelold.obj
d:\uni\programming\projects\first person shooter\blobsonic\builds\win32\intermediates\blobsonic\debug\mesh.obj
d:\uni\programming\projects\first person shooter\blobsonic\builds\win32\intermediates\blobsonic\debug\material.obj
d:\uni\programming\projects\first person shooter\blobsonic\builds\win32\intermediates\blobsonic\debug\main.obj
d:\uni\programming\projects\first person shooter\blobsonic\builds\win32\intermediates\blobsonic\debug\inputhandler.obj
d:\uni\programming\projects\first person shooter\blobsonic\builds\win32\intermediates\blobsonic\debug\id.obj
d:\uni\programming\projects\first person shooter\blobsonic\builds\win32\intermediates\blobsonic\debug\graphics.obj
d:\uni\programming\projects\first person shooter\blobsonic\builds\win32\intermediates\blobsonic\debug\gl_core_4_3.obj
d:\uni\programming\projects\first person shooter\blobsonic\builds\win32\intermediates\blobsonic\debug\glslprogram.obj
d:\uni\programming\projects\first person shooter\blobsonic\builds\win32\intermediates\blobsonic\debug\gamescene.obj
d:\uni\programming\projects\first person shooter\blobsonic\builds\win32\intermediates\blobsonic\debug\gameobject.obj
d:\uni\programming\projects\first person shooter\blobsonic\builds\win32\intermediates\blobsonic\debug\engine.obj
d:\uni\programming\projects\first person shooter\blobsonic\builds\win32\intermediates\blobsonic\debug\obb.obj
d:\uni\programming\projects\first person shooter\blobsonic\builds\win32\intermediates\blobsonic\debug\name.obj
d:\uni\programming\projects\first person shooter\blobsonic\builds\win32\intermediates\blobsonic\debug\messagehandler.obj
d:\uni\programming\projects\first person shooter\blobsonic\builds\win32\intermediates\blobsonic\debug\math3d.obj
d:\uni\programming\projects\first person shooter\blobsonic\builds\win32\intermediates\blobsonic\debug\luascripting.obj
d:\uni\programming\projects\first person shooter\blobsonic\builds\win32\intermediates\blobsonic\debug\luahelper.obj
d:\uni\programming\projects\first person shooter\blobsonic\builds\win32\intermediates\blobsonic\debug\luaentity.obj
d:\uni\programming\projects\first person shooter\blobsonic\builds\win32\intermediates\blobsonic\debug\light.obj
d:\uni\programming\projects\first person shooter\blobsonic\builds\win32\intermediates\blobsonic\debug\gui.obj
d:\uni\programming\projects\first person shooter\blobsonic\builds\win32\intermediates\blobsonic\debug\gameplay.obj
d:\uni\programming\projects\first person shooter\blobsonic\builds\win32\intermediates\blobsonic\debug\gameover.obj
d:\uni\programming\projects\first person shooter\blobsonic\builds\win32\intermediates\blobsonic\debug\entitymanager.obj
d:\uni\programming\projects\first person shooter\blobsonic\builds\win32\intermediates\blobsonic\debug\entityloader.obj
d:\uni\programming\projects\first person shooter\blobsonic\builds\win32\intermediates\blobsonic\debug\entityfactory.obj
d:\uni\programming\projects\first person shooter\blobsonic\builds\win32\intermediates\blobsonic\debug\entity.obj
d:\uni\programming\projects\first person shooter\blobsonic\builds\win32\intermediates\blobsonic\debug\directionallight.obj
d:\uni\programming\projects\first person shooter\blobsonic\builds\win32\intermediates\blobsonic\debug\destroyable.obj
d:\uni\programming\projects\first person shooter\blobsonic\builds\win32\intermediates\blobsonic\debug\collisionreporter.obj
d:\uni\programming\projects\first person shooter\blobsonic\builds\win32\intermediates\blobsonic\debug\capsule.obj
d:\uni\programming\projects\first person shooter\blobsonic\builds\win32\intermediates\blobsonic\debug\camerasystem.obj
d:\uni\programming\projects\first person shooter\blobsonic\builds\win32\intermediates\blobsonic\debug\cameracontroller.obj
d:\uni\programming\projects\first person shooter\blobsonic\builds\win32\intermediates\blobsonic\debug\camera.obj
d:\uni\programming\projects\first person shooter\blobsonic\builds\win32\intermediates\blobsonic\debug\button.obj
d:\uni\programming\projects\first person shooter\blobsonic\builds\win32\intermediates\blobsonic\debug\bitmap.obj
d:\uni\programming\projects\first person shooter\blobsonic\builds\win32\intermediates\blobsonic\debug\audio.obj
d:\uni\programming\projects\first person shooter\blobsonic\builds\win32\intermediates\blobsonic\debug\assimpmesh.obj
d:\uni\programming\projects\first person shooter\blobsonic\builds\win32\intermediates\blobsonic\debug\amodel.obj
d:\uni\programming\projects\first person shooter\blobsonic\builds\win32\intermediates\blobsonic\debug\aicontroller.obj
d:\uni\programming\projects\first person shooter\blobsonic\builds\win32\intermediates\blobsonic\debug\aimovement.obj
d:\uni\programming\projects\first person shooter\blobsonic\builds\win32\intermediates\blobsonic\debug\aabb.obj
d:\uni\programming\projects\first person shooter\blobsonic\builds\win32\blobsonic\debug\blobsonic.ilk
d:\uni\programming\projects\first person shooter\blobsonic\builds\win32\blobsonic\debug\blobsonic.exe
d:\uni\programming\projects\first person shooter\blobsonic\builds\win32\blobsonic\debug\blobsonic.pdb
d:\uni\programming\projects\first person shooter\blobsonic\builds\win32\intermediates\blobsonic\debug\blobsonic.tlog\cl.command.1.tlog
d:\uni\programming\projects\first person shooter\blobsonic\builds\win32\intermediates\blobsonic\debug\blobsonic.tlog\cl.read.1.tlog
d:\uni\programming\projects\first person shooter\blobsonic\builds\win32\intermediates\blobsonic\debug\blobsonic.tlog\cl.write.1.tlog
d:\uni\programming\projects\first person shooter\blobsonic\builds\win32\intermediates\blobsonic\debug\blobsonic.tlog\link.command.1.tlog
d:\uni\programming\projects\first person shooter\blobsonic\builds\win32\intermediates\blobsonic\debug\blobsonic.tlog\link.read.1.tlog
d:\uni\programming\projects\first person shooter\blobsonic\builds\win32\intermediates\blobsonic\debug\blobsonic.tlog\link.write.1.tlog
