C:\Program Files (x86)\MSBuild\Microsoft.Cpp\v4.0\V140\Microsoft.CppBuild.targets(392,5): warning MSB8028: The intermediate directory (Debug\) contains files shared from another project (Robot.vcxproj).  This can lead to incorrect clean and rebuild behavior.
  main.cpp
d:\uni\programming\projects\first person shooter\shooter\shooter\shooter\src\main.cpp(140): warning C4305: 'initializing': truncation from 'double' to 'float'
d:\uni\programming\projects\first person shooter\shooter\shooter\shooter\src\main.cpp(224): warning C4244: '=': conversion from 'float' to 'int', possible loss of data
d:\uni\programming\projects\first person shooter\shooter\shooter\shooter\src\main.cpp(245): warning C4244: '=': conversion from 'int' to 'float', possible loss of data
d:\uni\programming\projects\first person shooter\shooter\shooter\shooter\src\main.cpp(250): warning C4244: '=': conversion from 'float' to 'int', possible loss of data
d:\uni\programming\projects\first person shooter\shooter\shooter\shooter\src\main.cpp(260): warning C4244: '=': conversion from 'int' to 'float', possible loss of data
d:\uni\programming\projects\first person shooter\shooter\shooter\shooter\src\main.cpp(265): warning C4244: '=': conversion from 'float' to 'int', possible loss of data
d:\uni\programming\projects\first person shooter\shooter\shooter\shooter\src\main.cpp(275): warning C4244: '=': conversion from 'int' to 'float', possible loss of data
d:\uni\programming\projects\first person shooter\shooter\shooter\shooter\src\main.cpp(299): warning C4244: 'argument': conversion from 'const int' to 'float', possible loss of data
d:\uni\programming\projects\first person shooter\shooter\shooter\shooter\src\main.cpp(386): warning C4244: 'argument': conversion from 'const int' to 'float', possible loss of data
d:\uni\programming\projects\first person shooter\shooter\shooter\shooter\src\main.cpp(541): warning C4018: '>': signed/unsigned mismatch
d:\uni\programming\projects\first person shooter\shooter\shooter\shooter\src\main.cpp(623): warning C4018: '<': signed/unsigned mismatch
d:\uni\programming\projects\first person shooter\shooter\shooter\shooter\src\main.cpp(662): warning C4018: '<': signed/unsigned mismatch
d:\uni\programming\projects\first person shooter\shooter\shooter\shooter\src\main.cpp(713): warning C4244: '=': conversion from 'float' to 'int', possible loss of data
d:\uni\programming\projects\first person shooter\shooter\shooter\shooter\src\main.cpp(715): warning C4244: '=': conversion from 'float' to 'int', possible loss of data
d:\uni\programming\projects\first person shooter\shooter\shooter\shooter\src\main.cpp(723): warning C4244: '=': conversion from 'float' to 'int', possible loss of data
  Level.cpp
d:\uni\programming\projects\first person shooter\shooter\shooter\shooter\src\level.cpp(58): warning C4244: '=': conversion from 'float' to 'int', possible loss of data
d:\uni\programming\projects\first person shooter\shooter\shooter\shooter\src\level.cpp(100): warning C4244: 'argument': conversion from 'float' to 'int', possible loss of data
d:\uni\programming\projects\first person shooter\shooter\shooter\shooter\src\level.cpp(247): warning C4018: '<': signed/unsigned mismatch
d:\uni\programming\projects\first person shooter\shooter\shooter\shooter\src\level.cpp(253): warning C4018: '<': signed/unsigned mismatch
d:\uni\programming\projects\first person shooter\shooter\shooter\shooter\src\level.cpp(261): warning C4018: '<': signed/unsigned mismatch
  Camera.cpp
  Generating Code...
  Shooter.vcxproj -> D:\Uni\Programming\Projects\First Person Shooter\Shooter\Shooter\Debug\Shooter.exe
  Shooter.vcxproj -> D:\Uni\Programming\Projects\First Person Shooter\Shooter\Shooter\Debug\Shooter.pdb (Full PDB)
